2025-08-02 11:34:29,460 - INFO - insert_service - Movie inserted successfully
2025-08-02 11:34:29,460 - ERROR - insert_service - Failed to insert actor: name missing
2025-08-02 11:35:25,702 - INFO - insert_service - Movie inserted successfully
2025-08-02 11:35:25,702 - ERROR - insert_service - Failed to insert actor: name missing
2025-08-02 11:36:16,478 - INFO - insert_service - Movie inserted successfully
2025-08-02 11:36:16,478 - ERROR - insert_service - Failed to insert actor: name missing
2025-08-02 11:43:02,105 - INFO - insert_service - Movie inserted successfully
2025-08-02 11:43:02,105 - ERROR - insert_service - Failed to insert actor: name missing
2025-08-02 11:49:46,659 - INFO - insert_service - Movie inserted successfully
2025-08-02 11:49:46,661 - ERROR - insert_service - Failed to insert actor: name missing
2025-08-02 11:50:58,647 - INFO - insert_service - Movie inserted successfully
2025-08-02 11:50:58,647 - ERROR - insert_service - Failed to insert actor: name missing
2025-08-02 11:51:13,897 - INFO - insert_service - Movie inserted successfully
2025-08-02 11:51:13,909 - ERROR - insert_service - Failed to insert actor: name missing
2025-08-02 20:47:13,482 - INFO - insert_service - Movie inserted successfully
2025-08-02 20:47:13,482 - ERROR - insert_service - Failed to insert actor: name missing
2025-08-02 20:47:13,591 - INFO - __init__ - package: mysql.connector.plugins
2025-08-02 20:47:13,592 - INFO - __init__ - plugin_name: caching_sha2_password
2025-08-02 20:47:13,592 - INFO - __init__ - AUTHENTICATION_PLUGIN_CLASS: MySQLCachingSHA2PasswordAuthPlugin
2025-08-02 20:47:46,439 - INFO - insert_service - Movie inserted successfully
2025-08-02 20:47:46,439 - ERROR - insert_service - Failed to insert actor: name missing
2025-08-02 20:47:46,504 - INFO - __init__ - package: mysql.connector.plugins
2025-08-02 20:47:46,504 - INFO - __init__ - plugin_name: caching_sha2_password
2025-08-02 20:47:46,504 - INFO - __init__ - AUTHENTICATION_PLUGIN_CLASS: MySQLCachingSHA2PasswordAuthPlugin
2025-08-02 21:50:47,746 - INFO - insert_service - Movie inserted successfully
2025-08-02 21:50:47,746 - ERROR - insert_service - Failed to insert actor: name missing
2025-08-02 21:51:37,663 - INFO - insert_service - Movie inserted successfully
2025-08-02 21:51:37,663 - ERROR - insert_service - Failed to insert actor: name missing
2025-08-03 13:51:46,473 - INFO - insert_service - Movie inserted successfully
2025-08-03 13:51:46,473 - ERROR - insert_service - Failed to insert actor: name missing
2025-08-03 22:13:22,611 - INFO - insert_service - Movie inserted successfully
2025-08-03 22:13:22,611 - ERROR - insert_service - Failed to insert actor: name missing
2025-08-03 22:17:22,342 - INFO - insert_service - Movie inserted successfully
2025-08-03 22:17:22,342 - ERROR - insert_service - Failed to insert actor: name missing
2025-08-04 09:50:38,050 - INFO - insert_service - Movie inserted successfully
2025-08-04 09:50:38,054 - ERROR - insert_service - Failed to insert actor: name missing
2025-08-04 10:05:00,022 - INFO - insert_service - Movie inserted successfully
2025-08-04 10:05:00,022 - ERROR - insert_service - Failed to insert actor: name missing
2025-08-04 10:09:21,453 - INFO - insert_service - Movie inserted successfully
2025-08-04 10:09:21,453 - ERROR - insert_service - Failed to insert actor: name missing
2025-08-04 10:09:54,489 - INFO - insert_service - Movie inserted successfully
2025-08-04 10:09:54,489 - ERROR - insert_service - Failed to insert actor: name missing
2025-08-04 10:10:05,536 - INFO - insert_service - Movie inserted successfully
2025-08-04 10:10:05,536 - ERROR - insert_service - Failed to insert actor: name missing
2025-08-04 10:12:04,250 - INFO - insert_service - Movie inserted successfully
2025-08-04 10:12:04,250 - ERROR - insert_service - Failed to insert actor: name missing
2025-08-04 10:14:21,047 - INFO - insert_service - Movie inserted successfully
2025-08-04 10:14:21,047 - ERROR - insert_service - Failed to insert actor: name missing
2025-08-04 10:17:13,271 - INFO - insert_service - Movie inserted successfully
2025-08-04 10:17:13,271 - ERROR - insert_service - Failed to insert actor: name missing
2025-08-04 10:19:13,199 - INFO - insert_service - Movie inserted successfully
2025-08-04 10:19:13,201 - ERROR - insert_service - Failed to insert actor: name missing
2025-08-04 10:20:31,351 - INFO - insert_service - Movie inserted successfully
2025-08-04 10:20:31,351 - ERROR - insert_service - Failed to insert actor: name missing
2025-08-04 10:23:14,839 - INFO - insert_service - Movie inserted successfully
2025-08-04 10:23:14,839 - ERROR - insert_service - Failed to insert actor: name missing
2025-08-05 09:47:47,865 - INFO - insert_service - Movie inserted successfully
2025-08-05 09:47:47,865 - ERROR - insert_service - Failed to insert actor: name missing
2025-08-05 19:57:42,239 - INFO - insert_service - Movie inserted successfully
2025-08-05 19:57:42,239 - ERROR - insert_service - Failed to insert actor: name missing
2025-08-05 19:57:48,129 - INFO - insert_service - Movie inserted successfully
2025-08-05 19:57:48,129 - ERROR - insert_service - Failed to insert actor: name missing
2025-08-05 20:00:18,826 - INFO - insert_service - Movie inserted successfully
2025-08-05 20:00:18,826 - ERROR - insert_service - Failed to insert actor: name missing
2025-08-05 20:02:23,323 - INFO - insert_service - Movie inserted successfully
2025-08-05 20:02:23,323 - ERROR - insert_service - Failed to insert actor: name missing
2025-08-05 20:05:05,939 - INFO - insert_service - Movie inserted successfully
2025-08-05 20:05:05,941 - ERROR - insert_service - Failed to insert actor: name missing
2025-08-05 20:05:45,549 - INFO - insert_service - Movie inserted successfully
2025-08-05 20:05:45,549 - ERROR - insert_service - Failed to insert actor: name missing
2025-08-05 20:10:17,117 - INFO - insert_service - Movie inserted successfully
2025-08-05 20:10:17,117 - ERROR - insert_service - Failed to insert actor: name missing
2025-08-05 20:24:28,239 - INFO - insert_service - Movie inserted successfully
2025-08-05 20:24:28,239 - ERROR - insert_service - Failed to insert actor: name missing
2025-08-05 20:25:17,001 - INFO - insert_service - Movie inserted successfully
2025-08-05 20:25:17,001 - ERROR - insert_service - Failed to insert actor: name missing
